2023-07-27T19:54:19.306Z INFO @wdio/local-runner: Run worker command: run
2023-07-27T19:54:19.399Z DEBUG @wdio/runner: init remote session
2023-07-27T19:54:19.409Z DEBUG @wdio/utils:initialiseServices: initialise service "selenium-standalone" as NPM package
2023-07-27T19:54:19.709Z DEBUG @wdio/runner: init remote session
2023-07-27T19:54:19.721Z INFO webdriver: Initiate new session using the WebDriver protocol
2023-07-27T19:54:19.868Z INFO webdriver: [POST] http://localhost:4444/wd/hub/session
2023-07-27T19:54:19.868Z INFO webdriver: DATA {
  capabilities: {
    alwaysMatch: { browserName: 'chrome', 'wdio:devtoolsOptions': [Object] },
    firstMatch: [ {} ]
  },
  desiredCapabilities: { browserName: 'chrome', 'wdio:devtoolsOptions': { headless: true } }
}
2023-07-27T19:54:35.817Z INFO webdriver: COMMAND getLogTypes()
2023-07-27T19:54:35.831Z INFO webdriver: [GET] http://localhost:4444/wd/hub/session/b10e9741638d6b87bf22d3e4e6cc1cd1/se/log/types
2023-07-27T19:54:35.856Z INFO webdriver: RESULT [ 'browser', 'driver' ]
2023-07-27T19:54:35.856Z DEBUG @wdio/runner: Fetching logs for browser, driver
2023-07-27T19:54:35.856Z INFO webdriver: COMMAND getLogs("driver")
2023-07-27T19:54:35.856Z INFO webdriver: COMMAND getLogs("browser")
2023-07-27T19:54:35.858Z INFO webdriver: [POST] http://localhost:4444/wd/hub/session/b10e9741638d6b87bf22d3e4e6cc1cd1/se/log
2023-07-27T19:54:35.858Z INFO webdriver: DATA { type: 'driver' }
2023-07-27T19:54:35.858Z INFO webdriver: [POST] http://localhost:4444/wd/hub/session/b10e9741638d6b87bf22d3e4e6cc1cd1/se/log
2023-07-27T19:54:35.858Z INFO webdriver: DATA { type: 'browser' }
2023-07-27T19:54:35.879Z INFO webdriver: RESULT []
2023-07-27T19:54:35.892Z INFO webdriver: RESULT []
2023-07-27T19:54:35.893Z INFO webdriver: COMMAND deleteSession()
2023-07-27T19:54:35.895Z INFO webdriver: [DELETE] http://localhost:4444/wd/hub/session/b10e9741638d6b87bf22d3e4e6cc1cd1
2023-07-27T19:54:36.043Z INFO webdriver: RESULT null
