2023-07-28T07:24:06.684Z INFO @wdio/local-runner: Run worker command: run
2023-07-28T07:24:07.158Z INFO webdriver: Initiate new session using the WebDriver protocol
2023-07-28T07:24:07.221Z INFO webdriver: [POST] http://localhost:4444/wd/hub/session
2023-07-28T07:24:07.221Z INFO webdriver: DATA {
  capabilities: { alwaysMatch: { browserName: 'chrome' }, firstMatch: [ {} ] },
  desiredCapabilities: { browserName: 'chrome' }
}
2023-07-28T07:24:23.382Z INFO webdriver: COMMAND getLogTypes()
2023-07-28T07:24:23.382Z INFO webdriver: [GET] http://localhost:4444/wd/hub/session/1c0551c7d38c8c02aeb5d2c48fba6d50/se/log/types
2023-07-28T07:24:23.393Z INFO webdriver: RESULT [ 'browser', 'driver' ]
2023-07-28T07:24:23.394Z INFO webdriver: COMMAND getLogs("driver")
2023-07-28T07:24:23.394Z INFO webdriver: COMMAND getLogs("browser")
2023-07-28T07:24:23.394Z INFO webdriver: [POST] http://localhost:4444/wd/hub/session/1c0551c7d38c8c02aeb5d2c48fba6d50/se/log
2023-07-28T07:24:23.394Z INFO webdriver: DATA { type: 'driver' }
2023-07-28T07:24:23.394Z INFO webdriver: [POST] http://localhost:4444/wd/hub/session/1c0551c7d38c8c02aeb5d2c48fba6d50/se/log
2023-07-28T07:24:23.394Z INFO webdriver: DATA { type: 'browser' }
2023-07-28T07:24:23.404Z INFO webdriver: RESULT [
  {
    level: 'WARNING',
    message: 'This version of ChromeDriver has not been tested with Chrome version 115.\n',
    timestamp: 1690529062410
  }
]
2023-07-28T07:24:23.405Z INFO webdriver: RESULT []
2023-07-28T07:24:23.405Z INFO webdriver: COMMAND deleteSession()
2023-07-28T07:24:23.406Z INFO webdriver: [DELETE] http://localhost:4444/wd/hub/session/1c0551c7d38c8c02aeb5d2c48fba6d50
2023-07-28T07:24:23.512Z INFO webdriver: RESULT null
